Build started 19.09.2018 13:37:04.
     1>Project "C:\Lexa\mp2-lab1-set\sln\vc13\test\test_set.vcxproj" on node 3 (Build target(s)).
     1>CustomBuild:
         Building Custom Rule C:/Lexa/mp2-lab1-set/test/CMakeLists.txt
         CMake does not need to re-run because C:\Lexa\mp2-lab1-set\sln\vc13\test\CMakeFiles\generate.stamp is up-to-date.
       ClCompile:
         C:\Program Files (x86)\Microsoft Visual Studio 12.0\VC\bin\CL.exe /c /I"C:\Lexa\mp2-lab1-set\include" /I"C:\Lexa\mp2-lab1-set\gtest" /I"C:\Lexa\mp2-lab1-set\test\..\3rdparty" /Zi /nologo /W3 /WX- /Od /Ob0 /Oy- /D WIN32 /D _WINDOWS /D _DEBUG /D "CMAKE_INTDIR=\"Debug\"" /D _MBCS /Gm- /EHsc /RTC1 /MDd /GS /fp:precise /Zc:wchar_t /Zc:forScope /GR /Fo"test_set.dir\Debug\\" /Fd"test_set.dir\Debug\vc120.pdb" /Gd /TP /analyze- /errorReport:prompt "C:\Lexa\mp2-lab1-set\test\test_main.cpp" "C:\Lexa\mp2-lab1-set\test\test_tbitfield.cpp" "C:\Lexa\mp2-lab1-set\test\test_tset.cpp"
         test_main.cpp
         test_tbitfield.cpp
         test_tset.cpp
         Generating Code...
       Link:
         C:\Program Files (x86)\Microsoft Visual Studio 12.0\VC\bin\link.exe /ERRORREPORT:PROMPT /OUT:"C:\Lexa\mp2-lab1-set\sln\vc13\bin\test_set.exe" /INCREMENTAL /NOLOGO kernel32.lib user32.lib gdi32.lib winspool.lib shell32.lib ole32.lib oleaut32.lib uuid.lib comdlg32.lib advapi32.lib ..\lib\Debug\gtest.lib ..\lib\Debug\set.lib /MANIFEST /MANIFESTUAC:"level='asInvoker' uiAccess='false'" /manifest:embed /DEBUG /PDB:"C:/Lexa/mp2-lab1-set/sln/vc13/bin/test_set.pdb" /SUBSYSTEM:CONSOLE /TLBID:1 /DYNAMICBASE /NXCOMPAT /IMPLIB:"C:/Lexa/mp2-lab1-set/sln/vc13/lib/Debug/test_set.lib" /MACHINE:X86 /SAFESEH  /machine:X86 /debug test_set.dir\Debug\test_main.obj
         test_set.dir\Debug\test_tbitfield.obj
         test_set.dir\Debug\test_tset.obj
     1>LINK : fatal error LNK1104: cannot open file '..\lib\Debug\set.lib'
     1>Done Building Project "C:\Lexa\mp2-lab1-set\sln\vc13\test\test_set.vcxproj" (Build target(s)) -- FAILED.

Build FAILED.

Time Elapsed 00:00:03.87
